This is pdfTeX, Version 3.14159265-2.6-1.40.16 (MiKTeX 2.9) (preloaded format=pdflatex 2015.10.12)  9 NOV 2015 23:40
entering extended mode
**golreport.tex
(golreport.tex
LaTeX2e <2015/01/01> patch level 2
Babel <3.9m> and hyphenation patterns for 69 languages loaded.
("C:\Program Files (x86)\MiKTeX 2.9\tex\latex\base\article.cls"
Document Class: article 2014/09/29 v1.4h Standard LaTeX document class
("C:\Program Files (x86)\MiKTeX 2.9\tex\latex\base\size10.clo"
File: size10.clo 2014/09/29 v1.4h Standard LaTeX file (size option)
)
\c@part=\count79
\c@section=\count80
\c@subsection=\count81
\c@subsubsection=\count82
\c@paragraph=\count83
\c@subparagraph=\count84
\c@figure=\count85
\c@table=\count86
\abovecaptionskip=\skip41
\belowcaptionskip=\skip42
\bibindent=\dimen102
)
("C:\Program Files (x86)\MiKTeX 2.9\tex\latex\base\fontenc.sty"
Package: fontenc 2005/09/27 v1.99g Standard LaTeX package

("C:\Program Files (x86)\MiKTeX 2.9\tex\latex\base\t1enc.def"
File: t1enc.def 2005/09/27 v1.99g Standard LaTeX file
LaTeX Font Info:    Redeclaring font encoding T1 on input line 48.
))
("C:\Program Files (x86)\MiKTeX 2.9\tex\latex\base\inputenc.sty"
Package: inputenc 2015/03/17 v1.2c Input encoding file
\inpenc@prehook=\toks14
\inpenc@posthook=\toks15

("C:\Program Files (x86)\MiKTeX 2.9\tex\latex\base\latin9.def"
File: latin9.def 2015/03/17 v1.2c Input encoding file
))
("C:\Program Files (x86)\MiKTeX 2.9\tex\generic\babel\babel.sty"
Package: babel 2015/08/03 3.9m The Babel package

*************************************
* Local config file bblopts.cfg used
*
("C:\Program Files (x86)\MiKTeX 2.9\tex\latex\00miktex\bblopts.cfg"
File: bblopts.cfg 2006/07/31 v1.0 MiKTeX 'babel' configuration
)
("C:\Program Files (x86)\MiKTeX 2.9\tex\latex\babel-english\english.ldf"
Language: english 2012/08/20 v3.3p English support from the babel system

("C:\Program Files (x86)\MiKTeX 2.9\tex\generic\babel\babel.def"
File: babel.def 2015/08/03 3.9m Babel common definitions
\babel@savecnt=\count87
\U@D=\dimen103
)
\l@canadian = a dialect from \language\l@american 
\l@australian = a dialect from \language\l@british 
\l@newzealand = a dialect from \language\l@british 
))
("C:\Program Files (x86)\MiKTeX 2.9\tex\latex\graphics\graphicx.sty"
Package: graphicx 2014/10/28 v1.0g Enhanced LaTeX Graphics (DPC,SPQR)

("C:\Program Files (x86)\MiKTeX 2.9\tex\latex\graphics\keyval.sty"
Package: keyval 2014/10/28 v1.15 key=value parser (DPC)
\KV@toks@=\toks16
)
("C:\Program Files (x86)\MiKTeX 2.9\tex\latex\graphics\graphics.sty"
Package: graphics 2014/10/28 v1.0p Standard LaTeX Graphics (DPC,SPQR)

("C:\Program Files (x86)\MiKTeX 2.9\tex\latex\graphics\trig.sty"
Package: trig 1999/03/16 v1.09 sin cos tan (DPC)
)
("C:\Program Files (x86)\MiKTeX 2.9\tex\latex\00miktex\graphics.cfg"
File: graphics.cfg 2007/01/18 v1.5 graphics configuration of teTeX/TeXLive
)
Package graphics Info: Driver file: pdftex.def on input line 94.

("C:\Program Files (x86)\MiKTeX 2.9\tex\latex\pdftex-def\pdftex.def"
File: pdftex.def 2011/05/27 v0.06d Graphics/color for pdfTeX

("C:\Program Files (x86)\MiKTeX 2.9\tex\generic\oberdiek\infwarerr.sty"
Package: infwarerr 2010/04/08 v1.3 Providing info/warning/error messages (HO)
)
("C:\Program Files (x86)\MiKTeX 2.9\tex\generic\oberdiek\ltxcmds.sty"
Package: ltxcmds 2011/11/09 v1.22 LaTeX kernel commands for general use (HO)
)
\Gread@gobject=\count88
))
\Gin@req@height=\dimen104
\Gin@req@width=\dimen105
)
("C:\Program Files (x86)\MiKTeX 2.9\tex\latex\hyperref\hyperref.sty"
Package: hyperref 2012/11/06 v6.83m Hypertext links for LaTeX

("C:\Program Files (x86)\MiKTeX 2.9\tex\generic\oberdiek\hobsub-hyperref.sty"
Package: hobsub-hyperref 2012/04/25 v1.12 Bundle oberdiek, subset hyperref (HO)


("C:\Program Files (x86)\MiKTeX 2.9\tex\generic\oberdiek\hobsub-generic.sty"
Package: hobsub-generic 2012/04/25 v1.12 Bundle oberdiek, subset generic (HO)
Package: hobsub 2012/04/25 v1.12 Construct package bundles (HO)
Package hobsub Info: Skipping package `infwarerr' (already loaded).
Package hobsub Info: Skipping package `ltxcmds' (already loaded).
Package: ifluatex 2010/03/01 v1.3 Provides the ifluatex switch (HO)
Package ifluatex Info: LuaTeX not detected.
Package: ifvtex 2010/03/01 v1.5 Detect VTeX and its facilities (HO)
Package ifvtex Info: VTeX not detected.
Package: intcalc 2007/09/27 v1.1 Expandable calculations with integers (HO)
Package: ifpdf 2011/01/30 v2.3 Provides the ifpdf switch (HO)
Package ifpdf Info: pdfTeX in PDF mode is detected.
Package: etexcmds 2011/02/16 v1.5 Avoid name clashes with e-TeX commands (HO)
Package etexcmds Info: Could not find \expanded.
(etexcmds)             That can mean that you are not using pdfTeX 1.50 or
(etexcmds)             that some package has redefined \expanded.
(etexcmds)             In the latter case, load this package earlier.
Package: kvsetkeys 2012/04/25 v1.16 Key value parser (HO)
Package: kvdefinekeys 2011/04/07 v1.3 Define keys (HO)
Package: pdftexcmds 2011/11/29 v0.20 Utility functions of pdfTeX for LuaTeX (HO
)
Package pdftexcmds Info: LuaTeX not detected.
Package pdftexcmds Info: \pdf@primitive is available.
Package pdftexcmds Info: \pdf@ifprimitive is available.
Package pdftexcmds Info: \pdfdraftmode found.
Package: pdfescape 2011/11/25 v1.13 Implements pdfTeX's escape features (HO)
Package: bigintcalc 2012/04/08 v1.3 Expandable calculations on big integers (HO
)
Package: bitset 2011/01/30 v1.1 Handle bit-vector datatype (HO)
Package: uniquecounter 2011/01/30 v1.2 Provide unlimited unique counter (HO)
)
Package hobsub Info: Skipping package `hobsub' (already loaded).
Package: letltxmacro 2010/09/02 v1.4 Let assignment for LaTeX macros (HO)
Package: hopatch 2011/06/24 v1.1 Wrapper for package hooks (HO)
Package: xcolor-patch 2011/01/30 xcolor patch
Package: atveryend 2011/06/30 v1.8 Hooks at the very end of document (HO)
Package atveryend Info: \enddocument detected (standard20110627).
Package: atbegshi 2011/10/05 v1.16 At begin shipout hook (HO)
Package: refcount 2011/10/16 v3.4 Data extraction from label references (HO)
Package: hycolor 2011/01/30 v1.7 Color options for hyperref/bookmark (HO)
)
("C:\Program Files (x86)\MiKTeX 2.9\tex\generic\ifxetex\ifxetex.sty"
Package: ifxetex 2010/09/12 v0.6 Provides ifxetex conditional
)
("C:\Program Files (x86)\MiKTeX 2.9\tex\latex\oberdiek\auxhook.sty"
Package: auxhook 2011/03/04 v1.3 Hooks for auxiliary files (HO)
)
("C:\Program Files (x86)\MiKTeX 2.9\tex\latex\oberdiek\kvoptions.sty"
Package: kvoptions 2011/06/30 v3.11 Key value format for package options (HO)
)
\@linkdim=\dimen106
\Hy@linkcounter=\count89
\Hy@pagecounter=\count90

("C:\Program Files (x86)\MiKTeX 2.9\tex\latex\hyperref\pd1enc.def"
File: pd1enc.def 2012/11/06 v6.83m Hyperref: PDFDocEncoding definition (HO)
)
\Hy@SavedSpaceFactor=\count91

("C:\Program Files (x86)\MiKTeX 2.9\tex\latex\00miktex\hyperref.cfg"
File: hyperref.cfg 2002/06/06 v1.2 hyperref configuration of TeXLive
)
Package hyperref Info: Option `unicode' set `true' on input line 4319.

("C:\Program Files (x86)\MiKTeX 2.9\tex\latex\hyperref\puenc.def"
File: puenc.def 2012/11/06 v6.83m Hyperref: PDF Unicode definition (HO)
)
Package hyperref Info: Hyper figures OFF on input line 4443.
Package hyperref Info: Link nesting OFF on input line 4448.
Package hyperref Info: Hyper index ON on input line 4451.
Package hyperref Info: Plain pages OFF on input line 4458.
Package hyperref Info: Backreferencing OFF on input line 4463.
Package hyperref Info: Implicit mode ON; LaTeX internals redefined.
Package hyperref Info: Bookmarks ON on input line 4688.
\c@Hy@tempcnt=\count92

("C:\Program Files (x86)\MiKTeX 2.9\tex\latex\url\url.sty"
\Urlmuskip=\muskip10
Package: url 2013/09/16  ver 3.4  Verb mode for urls, etc.
)
LaTeX Info: Redefining \url on input line 5041.
\XeTeXLinkMargin=\dimen107
\Fld@menulength=\count93
\Field@Width=\dimen108
\Fld@charsize=\dimen109
Package hyperref Info: Hyper figures OFF on input line 6295.
Package hyperref Info: Link nesting OFF on input line 6300.
Package hyperref Info: Hyper index ON on input line 6303.
Package hyperref Info: backreferencing OFF on input line 6310.
Package hyperref Info: Link coloring OFF on input line 6315.
Package hyperref Info: Link coloring with OCG OFF on input line 6320.
Package hyperref Info: PDF/A mode OFF on input line 6325.
LaTeX Info: Redefining \ref on input line 6365.
LaTeX Info: Redefining \pageref on input line 6369.
\Hy@abspage=\count94
\c@Item=\count95
\c@Hfootnote=\count96
)

Package hyperref Message: Driver (autodetected): hpdftex.

("C:\Program Files (x86)\MiKTeX 2.9\tex\latex\hyperref\hpdftex.def"
File: hpdftex.def 2012/11/06 v6.83m Hyperref driver for pdfTeX
\Fld@listcount=\count97
\c@bookmark@seq@number=\count98

("C:\Program Files (x86)\MiKTeX 2.9\tex\latex\oberdiek\rerunfilecheck.sty"
Package: rerunfilecheck 2011/04/15 v1.7 Rerun checks for auxiliary files (HO)
Package uniquecounter Info: New unique counter `rerunfilecheck' on input line 2
82.
)
\Hy@SectionHShift=\skip43
)
("C:\Program Files (x86)\MiKTeX 2.9\tex\latex\breakurl\breakurl.sty"
Package: breakurl 2013/04/10 v1.40 Breakable hyperref URLs

("C:\Program Files (x86)\MiKTeX 2.9\tex\latex\xkeyval\xkeyval.sty"
Package: xkeyval 2014/12/03 v2.7a package option processing (HA)

("C:\Program Files (x86)\MiKTeX 2.9\tex\generic\xkeyval\xkeyval.tex"
("C:\Program Files (x86)\MiKTeX 2.9\tex\generic\xkeyval\xkvutils.tex"
\XKV@toks=\toks17
\XKV@tempa@toks=\toks18
)
\XKV@depth=\count99
File: xkeyval.tex 2014/12/03 v2.7a key=value parser (HA)
))

Package breakurl Warning: You are using breakurl while processing via pdflatex.

(breakurl)                \burl will be just a synonym of \url.
(breakurl)                 on input line 48.

) ("C:\Program Files (x86)\MiKTeX 2.9\tex\latex\listings\listings.sty"
\lst@mode=\count100
\lst@gtempboxa=\box26
\lst@token=\toks19
\lst@length=\count101
\lst@currlwidth=\dimen110
\lst@column=\count102
\lst@pos=\count103
\lst@lostspace=\dimen111
\lst@width=\dimen112
\lst@newlines=\count104
\lst@lineno=\count105
\lst@maxwidth=\dimen113

("C:\Program Files (x86)\MiKTeX 2.9\tex\latex\listings\lstmisc.sty"
File: lstmisc.sty 2015/06/04 1.6 (Carsten Heinz)
\c@lstnumber=\count106
\lst@skipnumbers=\count107
\lst@framebox=\box27
)
("C:\Program Files (x86)\MiKTeX 2.9\tex\latex\listings\listings.cfg"
File: listings.cfg 2015/06/04 1.6 listings configuration
))
Package: listings 2015/06/04 1.6 (Carsten Heinz)

("C:\Program Files (x86)\MiKTeX 2.9\tex\latex\graphics\color.sty"
Package: color 2014/10/28 v1.1a Standard LaTeX Color (DPC)

("C:\Program Files (x86)\MiKTeX 2.9\tex\latex\00miktex\color.cfg"
File: color.cfg 2007/01/18 v1.5 color configuration of teTeX/TeXLive
)
Package color Info: Driver file: pdftex.def on input line 142.
)
("C:\Program Files (x86)\MiKTeX 2.9\tex\latex\listings\lstlang1.sty"
File: lstlang1.sty 2015/06/04 1.6 listings language file
)
(golreport.aux)
LaTeX Font Info:    Checking defaults for OML/cmm/m/it on input line 45.
LaTeX Font Info:    ... okay on input line 45.
LaTeX Font Info:    Checking defaults for T1/cmr/m/n on input line 45.
LaTeX Font Info:    ... okay on input line 45.
LaTeX Font Info:    Checking defaults for OT1/cmr/m/n on input line 45.
LaTeX Font Info:    ... okay on input line 45.
LaTeX Font Info:    Checking defaults for OMS/cmsy/m/n on input line 45.
LaTeX Font Info:    ... okay on input line 45.
LaTeX Font Info:    Checking defaults for OMX/cmex/m/n on input line 45.
LaTeX Font Info:    ... okay on input line 45.
LaTeX Font Info:    Checking defaults for U/cmr/m/n on input line 45.
LaTeX Font Info:    ... okay on input line 45.
LaTeX Font Info:    Checking defaults for PD1/pdf/m/n on input line 45.
LaTeX Font Info:    ... okay on input line 45.
LaTeX Font Info:    Checking defaults for PU/pdf/m/n on input line 45.
LaTeX Font Info:    ... okay on input line 45.

("C:\Program Files (x86)\MiKTeX 2.9\tex\context\base\supp-pdf.mkii"
[Loading MPS to PDF converter (version 2006.09.02).]
\scratchcounter=\count108
\scratchdimen=\dimen114
\scratchbox=\box28
\nofMPsegments=\count109
\nofMParguments=\count110
\everyMPshowfont=\toks20
\MPscratchCnt=\count111
\MPscratchDim=\dimen115
\MPnumerator=\count112
\makeMPintoPDFobject=\count113
\everyMPtoPDFconversion=\toks21
)
\AtBeginShipoutBox=\box29
Package hyperref Info: Link coloring OFF on input line 45.
 ("C:\Program Files (x86)\MiKTeX 2.9\tex\latex\hyperref\nameref.sty"
Package: nameref 2012/10/27 v2.43 Cross-referencing by name of section

("C:\Program Files (x86)\MiKTeX 2.9\tex\generic\oberdiek\gettitlestring.sty"
Package: gettitlestring 2010/12/03 v1.4 Cleanup title references (HO)
)
\c@section@level=\count114
)
LaTeX Info: Redefining \ref on input line 45.
LaTeX Info: Redefining \pageref on input line 45.
LaTeX Info: Redefining \nameref on input line 45.

(golreport.out) (golreport.out)
\@outlinefile=\write3
\c@lstlisting=\count115
LaTeX Font Info:    External font `cmex10' loaded for size
(Font)              <12> on input line 56.
LaTeX Font Info:    External font `cmex10' loaded for size
(Font)              <8> on input line 56.
LaTeX Font Info:    External font `cmex10' loaded for size
(Font)              <6> on input line 56.
 (golreport.toc
LaTeX Font Info:    External font `cmex10' loaded for size
(Font)              <7> on input line 4.
LaTeX Font Info:    External font `cmex10' loaded for size
(Font)              <5> on input line 4.
)
\tf@toc=\write4
 [1

{C:/Users/Jotun/AppData/Local/MiKTeX/2.9/pdftex/config/pdftex.map}]
LaTeX Font Info:    Try loading font information for T1+cmtt on input line 100.


("C:\Program Files (x86)\MiKTeX 2.9\tex\latex\base\t1cmtt.fd"
File: t1cmtt.fd 2014/09/29 v2.5h Standard LaTeX font definitions
) [2] [3] [4]
[5] [6]
<C:/Users/Jotun/Desktop/66px-Game_of_life_block_with_border.svg.png, id=322, 66
.2475pt x 66.2475pt>
File: C:/Users/Jotun/Desktop/66px-Game_of_life_block_with_border.svg.png Graphi
c file (type png)

<use C:/Users/Jotun/Desktop/66px-Game_of_life_block_with_border.svg.png>
Package pdftex.def Info: C:/Users/Jotun/Desktop/66px-Game_of_life_block_with_bo
rder.svg.png used on input line 357.
(pdftex.def)             Requested size: 66.24733pt x 66.24733pt.

<C:/Users/Jotun/Desktop/98px-Game_of_life_beehive.svg.png, id=324, 98.3675pt x 
82.3075pt>
File: C:/Users/Jotun/Desktop/98px-Game_of_life_beehive.svg.png Graphic file (ty
pe png)
 <use C:/Users/Jotun/Desktop/98px-Game_of_life_beehive.svg.png>
Package pdftex.def Info: C:/Users/Jotun/Desktop/98px-Game_of_life_beehive.svg.p
ng used on input line 357.
(pdftex.def)             Requested size: 98.36723pt x 82.30728pt.

<C:/Users/Jotun/Desktop/98px-Game_of_life_loaf.svg.png, id=325, 98.3675pt x 98.
3675pt>
File: C:/Users/Jotun/Desktop/98px-Game_of_life_loaf.svg.png Graphic file (type 
png)
 <use C:/Users/Jotun/Desktop/98px-Game_of_life_loaf.svg.png>
Package pdftex.def Info: C:/Users/Jotun/Desktop/98px-Game_of_life_loaf.svg.png 
used on input line 357.
(pdftex.def)             Requested size: 98.36723pt x 98.36723pt.

<C:/Users/Jotun/Desktop/82px-Game_of_life_boat.svg.png, id=326, 82.3075pt x 82.
3075pt>
File: C:/Users/Jotun/Desktop/82px-Game_of_life_boat.svg.png Graphic file (type 
png)
 <use C:/Users/Jotun/Desktop/82px-Game_of_life_boat.svg.png>
Package pdftex.def Info: C:/Users/Jotun/Desktop/82px-Game_of_life_boat.svg.png 
used on input line 357.
(pdftex.def)             Requested size: 82.30728pt x 82.30728pt.

Overfull \hbox (15.28908pt too wide) in paragraph at lines 357--358
[][][][][] 
 []

<C:/Users/Jotun/Desktop/Blinker.png, id=327, 81.30376pt x 49.18375pt>
File: C:/Users/Jotun/Desktop/Blinker.png Graphic file (type png)

<use C:/Users/Jotun/Desktop/Blinker.png>
Package pdftex.def Info: C:/Users/Jotun/Desktop/Blinker.png used on input line 
373.
(pdftex.def)             Requested size: 81.30354pt x 49.18361pt.

<C:/Users/Jotun/Desktop/Toad.png, id=328, 97.36375pt x 65.24374pt>
File: C:/Users/Jotun/Desktop/Toad.png Graphic file (type png)

<use C:/Users/Jotun/Desktop/Toad.png>
Package pdftex.def Info: C:/Users/Jotun/Desktop/Toad.png used on input line 373
.
(pdftex.def)             Requested size: 97.3635pt x 65.24358pt.

<C:/Users/Jotun/Desktop/Pulsar.png, id=329, 121.45375pt x 121.45375pt>
File: C:/Users/Jotun/Desktop/Pulsar.png Graphic file (type png)

<use C:/Users/Jotun/Desktop/Pulsar.png>
Package pdftex.def Info: C:/Users/Jotun/Desktop/Pulsar.png used on input line 3
73.
(pdftex.def)             Requested size: 121.45343pt x 121.45343pt.
 [7 <C:/Users/Jotun/Desktop/66px-Game_of_life_block_with_border.svg.png> <C:/Us
ers/Jotun/Desktop/98px-Game_of_life_beehive.svg.png> <C:/Users/Jotun/Desktop/98
px-Game_of_life_loaf.svg.png> <C:/Users/Jotun/Desktop/82px-Game_of_life_boat.sv
g.png> <C:/Users/Jotun/Desktop/Blinker.png> <C:/Users/Jotun/Desktop/Toad.png> <
C:/Users/Jotun/Desktop/Pulsar.png>]
<C:/Users/Jotun/Desktop/Glider.png, id=344, 81.30376pt x 81.30376pt>
File: C:/Users/Jotun/Desktop/Glider.png Graphic file (type png)

<use C:/Users/Jotun/Desktop/Glider.png>
Package pdftex.def Info: C:/Users/Jotun/Desktop/Glider.png used on input line 3
88.
(pdftex.def)             Requested size: 81.30354pt x 81.30354pt.

<C:/Users/Jotun/Desktop/Lwss.png, id=345, 113.42375pt x 97.36375pt>
File: C:/Users/Jotun/Desktop/Lwss.png Graphic file (type png)

<use C:/Users/Jotun/Desktop/Lwss.png>
Package pdftex.def Info: C:/Users/Jotun/Desktop/Lwss.png used on input line 388
.
(pdftex.def)             Requested size: 113.42346pt x 97.3635pt.

<C:/Users/Jotun/Desktop/Gosperglidergun.png, id=346, 153.57375pt x 45.16875pt>
File: C:/Users/Jotun/Desktop/Gosperglidergun.png Graphic file (type png)

<use C:/Users/Jotun/Desktop/Gosperglidergun.png>
Package pdftex.def Info: C:/Users/Jotun/Desktop/Gosperglidergun.png used on inp
ut line 400.
(pdftex.def)             Requested size: 153.57336pt x 45.16862pt.
 [8 <C:/Users/Jotun/Desktop/Glider.png> <C:/Users/Jotun/Desktop/Lwss.png> <C:/U
sers/Jotun/Desktop/Gosperglidergun.png>]
<C:/Users/Jotun/Desktop/Replicator.png, id=354, 113.42375pt x 113.42375pt>
File: C:/Users/Jotun/Desktop/Replicator.png Graphic file (type png)

<use C:/Users/Jotun/Desktop/Replicator.png>
Package pdftex.def Info: C:/Users/Jotun/Desktop/Replicator.png used on input li
ne 431.
(pdftex.def)             Requested size: 113.42346pt x 113.42346pt.

<C:/Users/Jotun/Desktop/Replicator_gen12.png, id=355, 89.33376pt x 89.33376pt>
File: C:/Users/Jotun/Desktop/Replicator_gen12.png Graphic file (type png)

<use C:/Users/Jotun/Desktop/Replicator_gen12.png>
Package pdftex.def Info: C:/Users/Jotun/Desktop/Replicator_gen12.png used on in
put line 431.
(pdftex.def)             Requested size: 89.33353pt x 89.33353pt.

<C:/Users/Jotun/Desktop/Replicator_gen36.png, id=356, 85.31876pt x 85.31876pt>
File: C:/Users/Jotun/Desktop/Replicator_gen36.png Graphic file (type png)

<use C:/Users/Jotun/Desktop/Replicator_gen36.png>
Package pdftex.def Info: C:/Users/Jotun/Desktop/Replicator_gen36.png used on in
put line 431.
(pdftex.def)             Requested size: 85.31853pt x 85.31853pt.
 (golreport.bbl)

LaTeX Warning: Empty `thebibliography' environment on input line 447.

Package atveryend Info: Empty hook `BeforeClearDocument' on input line 451.
[9 <C:/Users/Jotun/Desktop/Replicator.png> <C:/Users/Jotun/Desktop/Replicator_g
en12.png> <C:/Users/Jotun/Desktop/Replicator_gen36.png>]
Package atveryend Info: Empty hook `AfterLastShipout' on input line 451.
 (golreport.aux)
Package atveryend Info: Executing hook `AtVeryEndDocument' on input line 451.
Package atveryend Info: Executing hook `AtEndAfterFileList' on input line 451.
Package rerunfilecheck Info: File `golreport.out' has not changed.
(rerunfilecheck)             Checksum: E7A80A71426F7B852C6EA65D9C0C8E4C;2522.
Package atveryend Info: Empty hook `AtVeryVeryEnd' on input line 451.
 ) 
Here is how much of TeX's memory you used:
 11162 strings out of 493673
 156214 string characters out of 3141529
 333285 words of memory out of 3000000
 14188 multiletter control sequences out of 15000+200000
 12844 words of font info for 32 fonts, out of 3000000 for 9000
 1025 hyphenation exceptions out of 8191
 35i,6n,72p,402b,1947s stack positions out of 5000i,500n,10000p,200000b,50000s
 <C:\Users\Jotun\AppData\Local\MiKTeX\2.9\fonts\pk\ljfour\jknappen\ec\dpi600\
ectt0900.pk> <C:\Users\Jotun\AppData\Local\MiKTeX\2.9\fonts\pk\ljfour\jknappen\
ec\dpi600\ecbx1200.pk> <C:\Users\Jotun\AppData\Local\MiKTeX\2.9\fonts\pk\ljfour
\jknappen\ec\dpi600\ecrm1000.pk> <C:\Users\Jotun\AppData\Local\MiKTeX\2.9\fonts
\pk\ljfour\jknappen\ec\dpi600\ecbx1000.pk> <C:\Users\Jotun\AppData\Local\MiKTeX
\2.9\fonts\pk\ljfour\jknappen\ec\dpi600\ecbx1440.pk> <C:\Users\Jotun\AppData\Lo
cal\MiKTeX\2.9\fonts\pk\ljfour\jknappen\ec\dpi600\ecrm1200.pk> <C:\Users\Jotun\
AppData\Local\MiKTeX\2.9\fonts\pk\ljfour\jknappen\ec\dpi600\ecrm1728.pk>
Output written on golreport.pdf (9 pages, 149334 bytes).
PDF statistics:
 700 PDF objects out of 1000 (max. 8388607)
 228 named destinations out of 1000 (max. 500000)
 210 words of extra memory for PDF output out of 10000 (max. 10000000)

